La génération a démarré 31/05/2012 21:21:40.
     1>Projet "C:\Users\khadre\documents\visual studio 2010\Projects\projetLO21\projetLO21\projetLO21.vcxproj" sur le nœud 2 (build cible(s)).
     1>InitializeBuildStatus:
         Création de "Debug\projetLO21.unsuccessfulbuild", car "AlwaysCreate" a été spécifié.
       ClCompile:
         Toutes les sorties sont à jour.
       ManifestResourceCompile:
         Toutes les sorties sont à jour.
       Link:
         C:\Program Files (x86)\Microsoft Visual Studio 10.0\VC\bin\link.exe /ERRORREPORT:PROMPT /OUT:"C:\Users\khadre\documents\visual studio 2010\Projects\projetLO21\Debug\projetLO21.exe" /INCREMENTAL /NOLOGO kernel32.lib user32.lib gdi32.lib winspool.lib comdlg32.lib advapi32.lib shell32.lib ole32.lib oleaut32.lib uuid.lib odbc32.lib odbccp32.lib /MANIFEST /ManifestFile:"Debug\projetLO21.exe.intermediate.manifest" /MANIFESTUAC:"level='asInvoker' uiAccess='false'" /DEBUG /PDB:"C:\Users\khadre\documents\visual studio 2010\Projects\projetLO21\Debug\projetLO21.pdb" /SUBSYSTEM:CONSOLE /TLBID:1 /DYNAMICBASE /NXCOMPAT /IMPLIB:"C:\Users\khadre\documents\visual studio 2010\Projects\projetLO21\Debug\projetLO21.lib" /MACHINE:X86 Debug\projetLO21.exe.embed.manifest.res
         Debug\main.obj
         Debug\nombre.obj
       Manifest:
         C:\Program Files (x86)\Microsoft SDKs\Windows\v7.0A\bin\mt.exe /nologo /verbose /out:"Debug\projetLO21.exe.embed.manifest" /manifest Debug\projetLO21.exe.intermediate.manifest
         Toutes les sorties sont à jour.
       LinkEmbedManifest:
         Toutes les sorties sont à jour.
         projetLO21.vcxproj -> C:\Users\khadre\documents\visual studio 2010\Projects\projetLO21\Debug\projetLO21.exe
       FinalizeBuildStatus:
         Suppression du fichier "Debug\projetLO21.unsuccessfulbuild".
         Mise à jour de l'horodatage "Debug\projetLO21.lastbuildstate".
     1>Génération du projet "C:\Users\khadre\documents\visual studio 2010\Projects\projetLO21\projetLO21\projetLO21.vcxproj" terminée (build cible(s)).

La génération a réussi.

Temps écoulé 00:00:00.64
